//-------------------------- 6/16/2010 -- 16:24:01 -----
Math Init:
   Installing Standard C extensions
   Installing Assembly extensions
 
Input Init:
   keyboard0 input device created.
   mouse0 input device created.
   joystick0 input device created.
   DirectInput enabled.

Loading plateau.map
Initial texture search path is set to ""

Successfully opened map file: plateau.map
   Loading textures:
      Unable to load texture NULL
      Unable to load texture common/caulk

  STATISTICS
   - Total brushes:      10
     + structural:       10
     + detail:           0
     + portal:           0
   - Number of zones:    2
   - Number of surfaces: 25

